<?xml version="1.0" encoding="UTF-8"?>
<!-- Generated by org.testng.reporters.JUnitReportReporter -->
<testsuite hostname="LAPTOP-NPQ5HL7M" failures="0" tests="1" name="testScript.AdminUsersTest" time="9.019" errors="0" timestamp="2024-08-19T18:11:17 IST" skipped="0">
  <testcase classname="testScript.AdminUsersTest" name="verifyUserCanEditExistingUserDetails" time="9.019"/>
  <system-out/>
</testsuite> <!-- testScript.AdminUsersTest -->
