<?xml version="1.0" encoding="UTF-8"?>
<!-- Generated by org.testng.reporters.JUnitReportReporter -->
<testsuite hostname="LAPTOP-NPQ5HL7M" failures="0" tests="4" name="testScript.LoginTest" time="15.144" errors="0" timestamp="2024-08-28T14:34:15 IST" skipped="0">
  <testcase classname="testScript.LoginTest" name="verifyTheUserIsAbleToLoginUsingInvalidUsername" time="3.754"/>
  <system-out/>
  <testcase classname="testScript.LoginTest" name="verifyTheUserIsAbleToLoginUsingInvalidPassword" time="3.817"/>
  <system-out/>
  <testcase classname="testScript.LoginTest" name="verifyTheUserIsAbleToLoginUsingInvalidUsernameAndPassword" time="3.762"/>
  <system-out/>
  <testcase classname="testScript.LoginTest" name="verifyTheUserIsAbleToLoginUsingValidCredentials" time="3.811"/>
  <system-out/>
</testsuite> <!-- testScript.LoginTest -->
