<?xml version="1.0" encoding="UTF-8"?>
<!-- Generated by org.testng.reporters.JUnitReportReporter -->
<testsuite hostname="LAPTOP-NPQ5HL7M" failures="0" tests="1" name="testScript.ManageNewsTest" time="10.553" errors="0" timestamp="2024-08-19T19:02:48 IST" skipped="0">
  <testcase classname="testScript.ManageNewsTest" name="verifyUserCanCreateNews" time="10.553"/>
  <system-out/>
</testsuite> <!-- testScript.ManageNewsTest -->
