<?xml version="1.0" encoding="UTF-8"?>
<!-- Generated by org.testng.reporters.JUnitReportReporter -->
<testsuite hostname="LAPTOP-NPQ5HL7M" failures="0" tests="1" name="testScript.ManageContactTest" time="11.358" errors="0" timestamp="2024-08-19T18:55:19 IST" skipped="0">
  <testcase classname="testScript.ManageContactTest" name="verifyUserIsAbleToEditContact" time="11.358"/>
  <system-out/>
</testsuite> <!-- testScript.ManageContactTest -->
