<?xml version="1.0" encoding="UTF-8"?>
<!-- Generated by org.testng.reporters.JUnitReportReporter -->
<testsuite hostname="LAPTOP-NPQ5HL7M" failures="0" tests="1" name="testScript.ManageFooterTextTest" time="4.897" errors="0" timestamp="2024-08-28T14:34:15 IST" skipped="0">
  <testcase classname="testScript.ManageFooterTextTest" name="verifyUserIsAbleToEditFooterTextDetails" time="4.897"/>
  <system-out/>
</testsuite> <!-- testScript.ManageFooterTextTest -->
