<?xml version="1.0" encoding="UTF-8"?>
<!-- Generated by org.testng.reporters.JUnitReportReporter -->
<testsuite hostname="LAPTOP-NPQ5HL7M" failures="0" tests="1" name="testScript.ManageProductTest" time="10.069" errors="0" timestamp="2024-08-19T19:03:29 IST" skipped="0">
  <testcase classname="testScript.ManageProductTest" name="verifyUserCanDeleteProduct" time="10.069"/>
  <system-out/>
</testsuite> <!-- testScript.ManageProductTest -->
